
> gregspizza@0.0.0 build
> tsc -b && vite build

src/App.tsx(14,8): error TS1192: Module '"Y:/Dev/gregspizza/src/pages/Users"' has no default export.
src/components/ProtectedRoute.tsx(10,37): error TS2339: Property 'profileLoading' does not exist on type 'AuthContextType'.
src/components/ProtectedRoute.tsx(61,13): error TS2367: This comparison appears to be unintentional because the types 'UserRole | undefined' and '"admin"' have no overlap.
src/components/Sidebar.tsx(250,41): error TS2367: This comparison appears to be unintentional because the types 'UserRole' and '"admin"' have no overlap.
src/components/Sidebar.tsx(253,30): error TS2367: This comparison appears to be unintentional because the types 'UserRole' and '"admin"' have no overlap.
src/lib/supabase.ts(2,31): error TS2307: Cannot find module './database.types' or its corresponding type declarations.
src/pages/platform/CreateTenantModal.tsx(2,37): error TS6133: 'CreditCard' is declared but its value is never read.
src/pages/platform/CreateTenantModal.tsx(46,21): error TS6133: 'data' is declared but its value is never read.
src/pages/Signup.tsx(29,43): error TS2554: Expected 2 arguments, but got 3.
src/pages/StockEntry.tsx(1,20): error TS6133: 'useEffect' is declared but its value is never read.
src/pages/StockEntry.tsx(4,25): error TS6133: 'Ingredient' is declared but its value is never read.
src/pages/StockEntry.tsx(5,1): error TS6133: 'QuickIngredientModal' is declared but its value is never read.
src/pages/StockEntry.tsx(29,21): error TS6133: 'data' is declared but its value is never read.
src/pages/StockEntry.tsx(81,49): error TS2551: Property 'ingredient_name' does not exist on type '{ ingredient_id: string; quantity: string; supplier: string; unit_cost: string; }'. Did you mean 'ingredient_id'?
src/pages/StockEntry.tsx(82,77): error TS2353: Object literal may only specify known properties, and 'ingredient_name' does not exist in type 'SetStateAction<{ ingredient_id: string; quantity: string; supplier: string; unit_cost: string; }>'.
src/pages/StockEntry.tsx(105,53): error TS2339: Property 'unit' does not exist on type '{ ingredient_id: string; quantity: string; supplier: string; unit_cost: string; }'.
src/pages/StockEntry.tsx(106,81): error TS2353: Object literal may only specify known properties, and 'unit' does not exist in type 'SetStateAction<{ ingredient_id: string; quantity: string; supplier: string; unit_cost: string; }>'.
src/pages/StockEntry.tsx(120,49): error TS2339: Property 'category' does not exist on type '{ ingredient_id: string; quantity: string; supplier: string; unit_cost: string; }'.
src/pages/StockEntry.tsx(121,77): error TS2353: Object literal may only specify known properties, and 'category' does not exist in type 'SetStateAction<{ ingredient_id: string; quantity: string; supplier: string; unit_cost: string; }>'.
src/pages/StockEntry.tsx(142,53): error TS2339: Property 'cost' does not exist on type '{ ingredient_id: string; quantity: string; supplier: string; unit_cost: string; }'.
src/pages/StockEntry.tsx(143,81): error TS2353: Object literal may only specify known properties, and 'cost' does not exist in type 'SetStateAction<{ ingredient_id: string; quantity: string; supplier: string; unit_cost: string; }>'.
src/pages/StockEntry.tsx(155,53): error TS2339: Property 'cost_per_unit' does not exist on type '{ ingredient_id: string; quantity: string; supplier: string; unit_cost: string; }'.
src/pages/StockEntry.tsx(156,81): error TS2353: Object literal may only specify known properties, and 'cost_per_unit' does not exist in type 'SetStateAction<{ ingredient_id: string; quantity: string; supplier: string; unit_cost: string; }>'.
src/pages/StockEntry.tsx(180,49): error TS2339: Property 'min_stock' does not exist on type '{ ingredient_id: string; quantity: string; supplier: string; unit_cost: string; }'.
src/pages/StockEntry.tsx(181,77): error TS2353: Object literal may only specify known properties, and 'min_stock' does not exist in type 'SetStateAction<{ ingredient_id: string; quantity: string; supplier: string; unit_cost: string; }>'.
src/pages/Timeline.tsx(2,1): error TS6192: All imports in import declaration are unused.
src/pages/TrashBin.tsx(10,13): error TS2339: Property 'items' does not exist on type '{ softDelete: (tableName: string, recordId: string) => Promise<boolean>; restore: (tableName: string, recordId: string) => Promise<boolean>; permanentDelete: (tableName: string, recordId: string) => Promise<...>; getTrashItems: () => Promise<...>; getTrashCount: () => Promise<...>; }'.
src/pages/TrashBin.tsx(10,20): error TS2339: Property 'loading' does not exist on type '{ softDelete: (tableName: string, recordId: string) => Promise<boolean>; restore: (tableName: string, recordId: string) => Promise<boolean>; permanentDelete: (tableName: string, recordId: string) => Promise<...>; getTrashItems: () => Promise<...>; getTrashCount: () => Promise<...>; }'.
src/pages/TrashBin.tsx(10,29): error TS2339: Property 'refreshTrash' does not exist on type '{ softDelete: (tableName: string, recordId: string) => Promise<boolean>; restore: (tableName: string, recordId: string) => Promise<boolean>; permanentDelete: (tableName: string, recordId: string) => Promise<...>; getTrashItems: () => Promise<...>; getTrashCount: () => Promise<...>; }'.
src/pages/TrashBin.tsx(10,43): error TS2339: Property 'restoreItem' does not exist on type '{ softDelete: (tableName: string, recordId: string) => Promise<boolean>; restore: (tableName: string, recordId: string) => Promise<boolean>; permanentDelete: (tableName: string, recordId: string) => Promise<...>; getTrashItems: () => Promise<...>; getTrashCount: () => Promise<...>; }'.
src/pages/TrashBin.tsx(42,24): error TS7006: Parameter 'item' implicitly has an 'any' type.
src/pages/TrashBin.tsx(99,48): error TS7006: Parameter 'i' implicitly has an 'any' type.
src/pages/TrashBin.tsx(105,52): error TS7006: Parameter 'i' implicitly has an 'any' type.
src/pages/TrashBin.tsx(111,50): error TS7006: Parameter 'i' implicitly has an 'any' type.
src/pages/TrashBin.tsx(119,41): error TS7006: Parameter 'item' implicitly has an 'any' type.
src/pages/TrashBin.tsx(141,46): error TS2304: Cannot find name 'AlertTriangle'.
src/pages/Users.tsx(15,7): error TS6133: 'Users' is declared but its value is never read.
